The system is: Windows - 10.0.22621 - AMD64
Compiling the C compiler identification source file "CMakeCCompilerId.c" succeeded.
Compiler: C:/Program Files/Microsoft Visual Studio/2022/Preview/VC/Tools/MSVC/14.35.32124/bin/Hostx64/x64/cl.exe 
Build flags: 
Id flags:  

The output was:
0
Microsoft (R) C/C++ Optimizing Compiler Version 19.35.32124 for x64
Copyright (C) Microsoft Corporation.  All rights reserved.

CMakeCCompilerId.c
Microsoft (R) Incremental Linker Version 14.35.32124.0
Copyright (C) Microsoft Corporation.  All rights reserved.

/out:CMakeCCompilerId.exe 
CMakeCCompilerId.obj 


Compilation of the C compiler identification source "CMakeCCompilerId.c" produced "CMakeCCompilerId.exe"

Compilation of the C compiler identification source "CMakeCCompilerId.c" produced "CMakeCCompilerId.obj"

The C compiler identification is MSVC, found in "C:/Users/yhtse/CLionProjects/Directx12Render/out/build/x64-debug/CMakeFiles/3.25.0-msvc1/CompilerIdC/CMakeCCompilerId.exe"

Compiling the CXX compiler identification source file "CMakeCXXCompilerId.cpp" succeeded.
Compiler: C:/Program Files/Microsoft Visual Studio/2022/Preview/VC/Tools/MSVC/14.35.32124/bin/Hostx64/x64/cl.exe 
Build flags: 
Id flags:  

The output was:
0
Microsoft (R) C/C++ Optimizing Compiler Version 19.35.32124 for x64
Copyright (C) Microsoft Corporation.  All rights reserved.

CMakeCXXCompilerId.cpp
Microsoft (R) Incremental Linker Version 14.35.32124.0
Copyright (C) Microsoft Corporation.  All rights reserved.

/out:CMakeCXXCompilerId.exe 
CMakeCXXCompilerId.obj 


Compilation of the CXX compiler identification source "CMakeCXXCompilerId.cpp" produced "CMakeCXXCompilerId.exe"

Compilation of the CXX compiler identification source "CMakeCXXCompilerId.cpp" produced "CMakeCXXCompilerId.obj"

The CXX compiler identification is MSVC, found in "C:/Users/yhtse/CLionProjects/Directx12Render/out/build/x64-debug/CMakeFiles/3.25.0-msvc1/CompilerIdCXX/CMakeCXXCompilerId.exe"

Detecting C compiler ABI info compiled with the following output:
Change Dir: C:/Users/yhtse/CLionProjects/Directx12Render/out/build/x64-debug/CMakeFiles/CMakeScratch/TryCompile-t0jj33

Run Build Command(s):C:/Program Files/Microsoft Visual Studio/2022/Preview/Common7/IDE/CommonExtensions/Microsoft/CMake/Ninja/ninja.exe cmTC_7ddc0 && [1/2] Building C object CMakeFiles\cmTC_7ddc0.dir\CMakeCCompilerABI.c.obj
[2/2] Linking C executable cmTC_7ddc0.exe



Detecting CXX compiler ABI info compiled with the following output:
Change Dir: C:/Users/yhtse/CLionProjects/Directx12Render/out/build/x64-debug/CMakeFiles/CMakeScratch/TryCompile-m4a5lh

Run Build Command(s):C:/Program Files/Microsoft Visual Studio/2022/Preview/Common7/IDE/CommonExtensions/Microsoft/CMake/Ninja/ninja.exe cmTC_51b6a && [1/4] Scanning "C:\Program Files\Microsoft Visual Studio\2022\Preview\Common7\IDE\CommonExtensions\Microsoft\CMake\CMake\share\cmake-3.25\Modules\CMakeCXXCompilerABI.cpp" for CXX dependencies
[2/4] Generating CXX dyndep file CMakeFiles\cmTC_51b6a.dir\CXX.dd
[3/4] Building CXX object CMakeFiles\cmTC_51b6a.dir\CMakeCXXCompilerABI.cpp.obj
[4/4] Linking CXX executable cmTC_51b6a.exe



